<?xml version="1.0" encoding="UTF-8"?>
<!-- Generated by org.testng.reporters.JUnitXMLReporter -->
<testsuite ignored="1" hostname="Uthmans-MacBook-Pro.local" failures="0" tests="6" name="Command line test" time="41.349" errors="0" timestamp="2022-05-22T15:59:44 CDT">
  <testcase classname="scripts._03_EtsyTest" name="testEtsyLogo" time="2.971"/>
  <testcase classname="scripts._03_EtsyTest" name="testEtsySearch" time="2.368"/>
  <testcase classname="scripts._03_EtsyTest" name="testEtsySearchResult" time="5.476"/>
  <testcase classname="scripts._02_TechGlobalTest" name="testApplicationFormHeading" time="0.716"/>
  <testcase classname="scripts._01_AppleTest" name="testAppleTitle" time="1.006"/>
  <testcase classname="scripts._01_AppleTest" name="testAppleURL" time="1.409"/>
  <testcase classname="scripts._01_AppleTest" name="X" time="0.0">
    <ignored/>
  </testcase> <!-- X -->
</testsuite> <!-- Command line test -->
