<?xml version="1.0" encoding="UTF-8"?>
<testng-results ignored="1" total="7" passed="6" failed="0" skipped="0">
  <reporter-output>
  </reporter-output>
  <suite started-at="2022-05-22T15:59:02 CDT" name="Command line suite" finished-at="2022-05-22T15:59:44 CDT" duration-ms="41349">
    <groups>
    </groups>
    <test started-at="2022-05-22T15:59:02 CDT" name="Command line test" finished-at="2022-05-22T15:59:44 CDT" duration-ms="41349">
      <class name="scripts._03_EtsyTest">
        <test-method is-config="true" signature="setup()[pri:0, instance:scripts._03_EtsyTest@1e7c7811]" started-at="2022-05-22T15:59:02 CDT" name="setup" finished-at="2022-05-22T15:59:04 CDT" duration-ms="1873" status="PASS">
          <reporter-output>
          </reporter-output>
        </test-method> <!-- setup -->
        <test-method signature="testEtsyLogo()[pri:1, instance:scripts._03_EtsyTest@1e7c7811]" started-at="2022-05-22T15:59:04 CDT" name="testEtsyLogo" finished-at="2022-05-22T15:59:07 CDT" duration-ms="2971" status="PASS">
          <reporter-output>
          </reporter-output>
        </test-method> <!-- testEtsyLogo -->
        <test-method is-config="true" signature="teardown()[pri:0, instance:scripts._03_EtsyTest@1e7c7811]" started-at="2022-05-22T15:59:07 CDT" name="teardown" finished-at="2022-05-22T15:59:10 CDT" duration-ms="3183" status="PASS">
          <reporter-output>
          </reporter-output>
        </test-method> <!-- teardown -->
        <test-method is-config="true" signature="setup()[pri:0, instance:scripts._03_EtsyTest@1e7c7811]" started-at="2022-05-22T15:59:10 CDT" name="setup" finished-at="2022-05-22T15:59:12 CDT" duration-ms="1179" status="PASS">
          <reporter-output>
          </reporter-output>
        </test-method> <!-- setup -->
        <test-method signature="testEtsySearch()[pri:3, instance:scripts._03_EtsyTest@1e7c7811]" started-at="2022-05-22T15:59:12 CDT" name="testEtsySearch" finished-at="2022-05-22T15:59:14 CDT" duration-ms="2368" status="PASS">
          <reporter-output>
          </reporter-output>
        </test-method> <!-- testEtsySearch -->
        <test-method is-config="true" signature="teardown()[pri:0, instance:scripts._03_EtsyTest@1e7c7811]" started-at="2022-05-22T15:59:14 CDT" name="teardown" finished-at="2022-05-22T15:59:17 CDT" duration-ms="3211" status="PASS">
          <reporter-output>
          </reporter-output>
        </test-method> <!-- teardown -->
        <test-method is-config="true" signature="setup()[pri:0, instance:scripts._03_EtsyTest@1e7c7811]" started-at="2022-05-22T15:59:17 CDT" name="setup" finished-at="2022-05-22T15:59:18 CDT" duration-ms="1212" status="PASS">
          <reporter-output>
          </reporter-output>
        </test-method> <!-- setup -->
        <test-method signature="testEtsySearchResult()[pri:2, instance:scripts._03_EtsyTest@1e7c7811]" started-at="2022-05-22T15:59:18 CDT" name="testEtsySearchResult" finished-at="2022-05-22T15:59:24 CDT" depends-on-methods="scripts._03_EtsyTest.testEtsySearch" duration-ms="5476" status="PASS">
          <reporter-output>
          </reporter-output>
        </test-method> <!-- testEtsySearchResult -->
        <test-method is-config="true" signature="teardown()[pri:0, instance:scripts._03_EtsyTest@1e7c7811]" started-at="2022-05-22T15:59:24 CDT" name="teardown" finished-at="2022-05-22T15:59:27 CDT" duration-ms="3428" status="PASS">
          <reporter-output>
          </reporter-output>
        </test-method> <!-- teardown -->
      </class> <!-- scripts._03_EtsyTest -->
      <class name="scripts._02_TechGlobalTest">
        <test-method is-config="true" signature="setup()[pri:0, instance:scripts._02_TechGlobalTest@77ec78b9]" started-at="2022-05-22T15:59:27 CDT" name="setup" finished-at="2022-05-22T15:59:28 CDT" duration-ms="1203" status="PASS">
          <reporter-output>
          </reporter-output>
        </test-method> <!-- setup -->
        <test-method signature="testApplicationFormHeading()[pri:0, instance:scripts._02_TechGlobalTest@77ec78b9]" started-at="2022-05-22T15:59:28 CDT" name="testApplicationFormHeading" description="TC123: Validate Application form heading" finished-at="2022-05-22T15:59:29 CDT" duration-ms="716" status="PASS">
          <reporter-output>
          </reporter-output>
        </test-method> <!-- testApplicationFormHeading -->
        <test-method is-config="true" signature="teardown()[pri:0, instance:scripts._02_TechGlobalTest@77ec78b9]" started-at="2022-05-22T15:59:29 CDT" name="teardown" finished-at="2022-05-22T15:59:32 CDT" duration-ms="3218" status="PASS">
          <reporter-output>
          </reporter-output>
        </test-method> <!-- teardown -->
      </class> <!-- scripts._02_TechGlobalTest -->
      <class name="scripts._01_AppleTest">
        <test-method is-config="true" signature="setup()[pri:0, instance:scripts._01_AppleTest@1a3869f4]" started-at="2022-05-22T15:59:32 CDT" name="setup" finished-at="2022-05-22T15:59:34 CDT" duration-ms="1217" status="PASS">
          <reporter-output>
          </reporter-output>
        </test-method> <!-- setup -->
        <test-method signature="testAppleTitle()[pri:1, instance:scripts._01_AppleTest@1a3869f4]" started-at="2022-05-22T15:59:34 CDT" name="testAppleTitle" description="TC345" finished-at="2022-05-22T15:59:35 CDT" duration-ms="1006" status="PASS">
          <reporter-output>
          </reporter-output>
        </test-method> <!-- testAppleTitle -->
        <test-method is-config="true" signature="teardown()[pri:0, instance:scripts._01_AppleTest@1a3869f4]" started-at="2022-05-22T15:59:35 CDT" name="teardown" finished-at="2022-05-22T15:59:38 CDT" duration-ms="3255" status="PASS">
          <reporter-output>
          </reporter-output>
        </test-method> <!-- teardown -->
        <test-method is-config="true" signature="setup()[pri:0, instance:scripts._01_AppleTest@1a3869f4]" started-at="2022-05-22T15:59:38 CDT" name="setup" finished-at="2022-05-22T15:59:39 CDT" duration-ms="1180" status="PASS">
          <reporter-output>
          </reporter-output>
        </test-method> <!-- setup -->
        <test-method signature="testAppleURL()[pri:2, instance:scripts._01_AppleTest@1a3869f4]" started-at="2022-05-22T15:59:39 CDT" name="testAppleURL" description="TC873" finished-at="2022-05-22T15:59:40 CDT" duration-ms="1409" status="PASS">
          <reporter-output>
          </reporter-output>
        </test-method> <!-- testAppleURL -->
        <test-method is-config="true" signature="teardown()[pri:0, instance:scripts._01_AppleTest@1a3869f4]" started-at="2022-05-22T15:59:40 CDT" name="teardown" finished-at="2022-05-22T15:59:44 CDT" duration-ms="3216" status="PASS">
          <reporter-output>
          </reporter-output>
        </test-method> <!-- teardown -->
      </class> <!-- scripts._01_AppleTest -->
    </test> <!-- Command line test -->
  </suite> <!-- Command line suite -->
</testng-results>
